
'open'
'Error :LP=7,Xstat=OK,HR1=32.9,TC1=28.3,HA1=9.10,DW1=10.45,XRUN=21\r'
'Error :RUN=28\r'
{ boardID: '1803', sensorID: 'XNLP', sensorVal: '8' }
{ boardID: '1803', sensorID: 'HR1', sensorVal: '32.9' }
{ boardID: '1803', sensorID: 'TC1', sensorVal: '28.3' }
{ boardID: '1803', sensorID: 'HA1', sensorVal: '9.10' }
{ boardID: '1803', sensorID: 'Xstat', sensorVal: 'OK' }
{ boardID: '1803', sensorID: 'DW1', sensorVal: '10.45' }
'\r'
{ boardID: '1803', sensorID: 'XRUN', sensorVal: '28' }
'open'
'Commentaires: // File \'Info_sketch_03.ino\', Build Dec 15 2015 at 17:25:56\r on SecondModule'
'Commentaires: /dt = 12\r on SecondModule'
'Commentaires: // File \'RHT04_DHT33.ino\', Build Dec 17 2015 at 13:58:40\r on FirstModule'
{ boardID: '1803', sensorID: 'XNLP', sensorVal: '1' }
{ boardID: '1803', sensorID: 'HR1', sensorVal: '32.9' }
{ boardID: '1803', sensorID: 'Xstat', sensorVal: 'OK' }
{ boardID: '1803', sensorID: 'TC1', sensorVal: '28.3' }
{ boardID: '1803', sensorID: 'HA1', sensorVal: '9.10' }
{ boardID: '1803', sensorID: 'DW1', sensorVal: '10.45' }
{ boardID: '1803', sensorID: 'XRUN', sensorVal: '0' }
'\r'
{ boardID: '1803', sensorID: 'XNLP', sensorVal: '2' }
{ boardID: '1803', sensorID: 'Xstat', sensorVal: 'OK' }
{ boardID: '1803', sensorID: 'HR1', sensorVal: '32.9' }
{ boardID: '1803', sensorID: 'TC1', sensorVal: '28.3' }
{ boardID: '1803', sensorID: 'HA1', sensorVal: '9.10' }
{ boardID: '1803', sensorID: 'DW1', sensorVal: '10.45' }
{ boardID: '1803', sensorID: 'XRUN', sensorVal: '1' }
'\r'
'open'
'Error :RUN=28\r'
'Error :LP=7,Xstat=OK,HR1=33.0,TC1=28.2,HA1=9.08,DW1=10.41,XRUN=21\r'
{ boardID: '1803', sensorID: 'XNLP', sensorVal: '8' }
{ boardID: '1803', sensorID: 'Xstat', sensorVal: 'OK' }
{ boardID: '1803', sensorID: 'HR1', sensorVal: '32.9' }
{ boardID: '1803', sensorID: 'TC1', sensorVal: '28.2' }
{ boardID: '1803', sensorID: 'HA1', sensorVal: '9.05' }
{ boardID: '1803', sensorID: 'DW1', sensorVal: '10.36' }
{ boardID: '1803', sensorID: 'XRUN', sensorVal: '28' }
'\r'
'open'
'Commentaires: // File \'Info_sketch_03.ino\', Build Dec 15 2015 at 17:25:56\r on SecondModule'
'Commentaires: /dt = 12\r on SecondModule'
'Commentaires: // File \'RHT04_DHT33.ino\', Build Dec 17 2015 at 13:58:40\r on FirstModule'
{ boardID: '1803', sensorID: 'XNLP', sensorVal: '1' }
{ boardID: '1803', sensorID: 'Xstat', sensorVal: 'OK' }
{ boardID: '1803', sensorID: 'HR1', sensorVal: '33.0' }
{ boardID: '1803', sensorID: 'TC1', sensorVal: '28.2' }
{ boardID: '1803', sensorID: 'HA1', sensorVal: '9.08' }
{ boardID: '1803', sensorID: 'XRUN', sensorVal: '0' }
{ boardID: '1803', sensorID: 'DW1', sensorVal: '10.41' }
'\r'
{ boardID: '1803', sensorID: 'XNLP', sensorVal: '2' }
{ boardID: '1803', sensorID: 'HR1', sensorVal: '33.0' }
{ boardID: '1803', sensorID: 'Xstat', sensorVal: 'OK' }
{ boardID: '1803', sensorID: 'TC1', sensorVal: '28.2' }
{ boardID: '1803', sensorID: 'HA1', sensorVal: '9.08' }
{ boardID: '1803', sensorID: 'DW1', sensorVal: '10.41' }
{ boardID: '1803', sensorID: 'XRUN', sensorVal: '1' }
'\r'
'open'
'open'
'Commentaires: // File \'Info_sketch_03.ino\', Build Dec 15 2015 at 17:25:56\r on SecondModule undefined'
'Commentaires: /dt = 12\r on SecondModule undefined'
'Commentaires: // File \'RHT04_DHT33.ino\', Build Dec 17 2015 at 13:58:40\r on FirstModule undefined'
{ boardID: '1803', sensorID: 'XNLP', sensorVal: '1' }
{ boardID: '1803', sensorID: 'Xstat', sensorVal: 'OK' }
{ boardID: '1803', sensorID: 'HR1', sensorVal: '32.8' }
{ boardID: '1803', sensorID: 'TC1', sensorVal: '28.3' }
{ boardID: '1803', sensorID: 'HA1', sensorVal: '9.07' }
{ boardID: '1803', sensorID: 'DW1', sensorVal: '10.41' }
{ boardID: '1803', sensorID: 'XRUN', sensorVal: '0' }
'\r'
{ boardID: '1803', sensorID: 'XNLP', sensorVal: '2' }
{ boardID: '1803', sensorID: 'HR1', sensorVal: '32.8' }
{ boardID: '1803', sensorID: 'Xstat', sensorVal: 'OK' }
{ boardID: '1803', sensorID: 'TC1', sensorVal: '28.3' }
{ boardID: '1803', sensorID: 'HA1', sensorVal: '9.07' }
{ boardID: '1803', sensorID: 'DW1', sensorVal: '10.41' }
{ boardID: '1803', sensorID: 'XRUN', sensorVal: '1' }
'\r'
{ boardID: '1803', sensorID: 'XNLP', sensorVal: '3' }
{ boardID: '1803', sensorID: 'Xstat', sensorVal: 'OK' }
{ boardID: '1803', sensorID: 'HR1', sensorVal: '32.8' }
{ boardID: '1803', sensorID: 'TC1', sensorVal: '28.3' }
{ boardID: '1803', sensorID: 'HA1', sensorVal: '9.07' }
{ boardID: '1803', sensorID: 'DW1', sensorVal: '10.41' }
'\r'
{ boardID: '1803', sensorID: 'XRUN', sensorVal: '3' }